<?xml version="1.0" encoding="UTF-8"?>
<testsuite name="com.jamessipac.library.controller.UserControllerTest" tests="4" skipped="0" failures="0" errors="0" timestamp="2024-10-22T03:33:22" hostname="DESKTOP-PNSUB79" time="0.113">
  <properties/>
  <testcase name="testGetUsers()" classname="com.jamessipac.library.controller.UserControllerTest" time="0.079"/>
  <testcase name="testUpdateUser()" classname="com.jamessipac.library.controller.UserControllerTest" time="0.005"/>
  <testcase name="testGetUser()" classname="com.jamessipac.library.controller.UserControllerTest" time="0.003"/>
  <testcase name="testDeleteUser()" classname="com.jamessipac.library.controller.UserControllerTest" time="0.021"/>
  <system-out><![CDATA[]]></system-out>
  <system-err><![CDATA[]]></system-err>
</testsuite>
