<?xml version="1.0" encoding="UTF-8"?>
<testsuite name="com.jamessipac.library.controller.AuthenticationControllerTest" tests="2" skipped="0" failures="0" errors="0" timestamp="2024-10-22T03:33:19" hostname="DESKTOP-PNSUB79" time="2.095">
  <properties/>
  <testcase name="testAuthenticate()" classname="com.jamessipac.library.controller.AuthenticationControllerTest" time="2.063"/>
  <testcase name="testRegister()" classname="com.jamessipac.library.controller.AuthenticationControllerTest" time="0.016"/>
  <system-out><![CDATA[]]></system-out>
  <system-err><![CDATA[WARNING: A Java agent has been loaded dynamically (C:\Users\SIPAC\.gradle\caches\modules-2\files-2.1\net.bytebuddy\byte-buddy-agent\1.14.19\154da3a65b4f4a909d3e5bdec55d1b2b4cbb6ce1\byte-buddy-agent-1.14.19.jar)
WARNING: If a serviceability tool is in use, please run with -XX:+EnableDynamicAgentLoading to hide this warning
WARNING: If a serviceability tool is not in use, please run with -Djdk.instrument.traceUsage for more information
WARNING: Dynamic loading of agents will be disallowed by default in a future release
]]></system-err>
</testsuite>
